Build started 2019/10/11 16:39:36.
     1>Project "D:\QR_s\QRCode\QRCode\QRCode.vcxproj" on node 2 (Build target(s)).
     1>Link:
         C:\Program Files (x86)\Microsoft Visual Studio 12.0\VC\bin\link.exe /ERRORREPORT:PROMPT /OUT:"D:\QR_s\QRCode\Debug\QRCode.exe" /INCREMENTAL /NOLOGO kernel32.lib user32.lib gdi32.lib winspool.lib comdlg32.lib advapi32.lib shell32.lib ole32.lib oleaut32.lib uuid.lib odbc32.lib odbccp32.lib /MANIFEST /MANIFESTUAC:"level='asInvoker' uiAccess='false'" /manifest:embed /DEBUG /PDB:"D:\QR_s\QRCode\Debug\QRCode.pdb" /TLBID:1 /DYNAMICBASE /NXCOMPAT /IMPLIB:"D:\QR_s\QRCode\Debug\QRCode.lib" /MACHINE:X86 Debug\QRCode.res
         Debug\Alpha.obj
         Debug\BasicInfo.obj
         Debug\Combination.obj
         Debug\CorrectionEncoding.obj
         Debug\DataEncoding.obj
         Debug\Limit.obj
         Debug\main.obj
         Debug\Matrix.obj
         Debug\ModeEncoding.obj
         Debug\QRCodeEncoding.obj
         Debug\QRCodePaint.obj
         Debug\QRCodeException.obj
         Debug\Tool.obj
     1>QRCodeException.obj : warning LNK4099: PDB 'vc120.pdb' was not found with 'QRCodeException.obj' or at 'D:\QR_s\QRCode\Debug\vc120.pdb'; linking object as if no debug info
     1>Limit.obj : warning LNK4099: PDB 'vc120.pdb' was not found with 'Limit.obj' or at 'D:\QR_s\QRCode\Debug\vc120.pdb'; linking object as if no debug info
     1>BasicInfo.obj : warning LNK4099: PDB 'vc120.pdb' was not found with 'BasicInfo.obj' or at 'D:\QR_s\QRCode\Debug\vc120.pdb'; linking object as if no debug info
     1>Alpha.obj : warning LNK4099: PDB 'vc120.pdb' was not found with 'Alpha.obj' or at 'D:\QR_s\QRCode\Debug\vc120.pdb'; linking object as if no debug info
         QRCode.vcxproj -> D:\QR_s\QRCode\Debug\QRCode.exe
     1>Done Building Project "D:\QR_s\QRCode\QRCode\QRCode.vcxproj" (Build target(s)).

Build succeeded.

Time Elapsed 00:00:00.67
